<?xml version="1.0" encoding="UTF-8"?>
<!-- Generated by org.testng.reporters.JUnitXMLReporter -->
<testsuite ignored="0" hostname="Haripriya" failures="0" tests="3" name="LinkedinTest" time="4.055" errors="0" timestamp="2022-12-10T16:10:31 EST">
  <testcase classname="com.qa.linkedin.testcases.LinkedinHomePageTest" name="verifyLinkedinHomePageTitleTest" time="0.065"/>
  <testcase classname="com.qa.linkedin.testcases.LinkedinHomePageTest" name="verifyLinkedinLogoTest" time="0.145"/>
  <testcase classname="com.qa.linkedin.testcases.LinkedinHomePageTest" name="clickSigninLinkedinLinkTest" time="2.128"/>
</testsuite> <!-- LinkedinTest -->
