<?xml version="1.0" encoding="UTF-8"?>
<testng-results ignored="0" total="3" passed="3" failed="0" skipped="0">
  <reporter-output>
  </reporter-output>
  <suite started-at="2022-12-10T16:10:26 EST" name="LinkedinSuite" finished-at="2022-12-10T16:10:30 EST" duration-ms="4055">
    <groups>
    </groups>
    <test started-at="2022-12-10T16:10:26 EST" name="LinkedinTest" finished-at="2022-12-10T16:10:30 EST" duration-ms="4055">
      <class name="com.qa.linkedin.testcases.LinkedinHomePageTest">
        <test-method is-config="true" signature="setup()[pri:0, instance:com.qa.linkedin.testcases.LinkedinHomePageTest@277f7dd3]" started-at="2022-12-10T16:10:18 EST" name="setup" finished-at="2022-12-10T16:10:26 EST" duration-ms="8103" status="PASS">
          <reporter-output>
          </reporter-output>
        </test-method> <!-- setup -->
        <test-method is-config="true" signature="beforeClass()[pri:0, instance:com.qa.linkedin.testcases.LinkedinHomePageTest@277f7dd3]" started-at="2022-12-10T16:10:26 EST" name="beforeClass" finished-at="2022-12-10T16:10:26 EST" duration-ms="161" status="PASS">
          <reporter-output>
          </reporter-output>
        </test-method> <!-- beforeClass -->
        <test-method signature="verifyLinkedinHomePageTitleTest()[pri:1, instance:com.qa.linkedin.testcases.LinkedinHomePageTest@277f7dd3]" started-at="2022-12-10T16:10:26 EST" name="verifyLinkedinHomePageTitleTest" finished-at="2022-12-10T16:10:26 EST" duration-ms="65" status="PASS">
          <reporter-output>
          </reporter-output>
        </test-method> <!-- verifyLinkedinHomePageTitleTest -->
        <test-method signature="verifyLinkedinLogoTest()[pri:2, instance:com.qa.linkedin.testcases.LinkedinHomePageTest@277f7dd3]" started-at="2022-12-10T16:10:26 EST" name="verifyLinkedinLogoTest" finished-at="2022-12-10T16:10:26 EST" duration-ms="145" status="PASS">
          <reporter-output>
          </reporter-output>
        </test-method> <!-- verifyLinkedinLogoTest -->
        <test-method signature="clickSigninLinkedinLinkTest()[pri:3, instance:com.qa.linkedin.testcases.LinkedinHomePageTest@277f7dd3]" started-at="2022-12-10T16:10:26 EST" name="clickSigninLinkedinLinkTest" finished-at="2022-12-10T16:10:29 EST" duration-ms="2128" status="PASS">
          <reporter-output>
          </reporter-output>
        </test-method> <!-- clickSigninLinkedinLinkTest -->
        <test-method is-config="true" signature="afterClass()[pri:0, instance:com.qa.linkedin.testcases.LinkedinHomePageTest@277f7dd3]" started-at="2022-12-10T16:10:29 EST" name="afterClass" finished-at="2022-12-10T16:10:30 EST" duration-ms="1311" status="PASS">
          <reporter-output>
          </reporter-output>
        </test-method> <!-- afterClass -->
        <test-method is-config="true" signature="tearDown()[pri:0, instance:com.qa.linkedin.testcases.LinkedinHomePageTest@277f7dd3]" started-at="2022-12-10T16:10:31 EST" name="tearDown" finished-at="2022-12-10T16:10:31 EST" duration-ms="166" status="PASS">
          <reporter-output>
          </reporter-output>
        </test-method> <!-- tearDown -->
      </class> <!-- com.qa.linkedin.testcases.LinkedinHomePageTest -->
    </test> <!-- LinkedinTest -->
  </suite> <!-- LinkedinSuite -->
</testng-results>
